[debug] [2021-02-26T12:54:02.530Z] ----------------------------------------------------------------------
[debug] [2021-02-26T12:54:02.532Z] Command:       C:\Program Files\nodejs\node.exe C:\Users\MY\AppData\Roaming\npm\node_modules\firebase-tools\lib\bin\firebase.js emulators:start
[debug] [2021-02-26T12:54:02.532Z] CLI Version:   9.5.0
[debug] [2021-02-26T12:54:02.532Z] Platform:      win32
[debug] [2021-02-26T12:54:02.532Z] Node Version:  v13.14.0
[debug] [2021-02-26T12:54:02.533Z] Time:          Fri Feb 26 2021 18:54:02 GMT+0600 (Bangladesh Standard Time)
[debug] [2021-02-26T12:54:02.533Z] ----------------------------------------------------------------------
[debug] [2021-02-26T12:54:02.533Z] 
[debug] [2021-02-26T12:54:02.538Z] > command requires scopes: ["email","openid","https://www.googleapis.com/auth/cloudplatformprojects.readonly","https://www.googleapis.com/auth/firebase","https://www.googleapis.com/auth/cloud-platform"]
[debug] [2021-02-26T12:54:02.539Z] > authorizing via signed-in user
[info] i  emulators: Starting emulators: functions, hosting {"metadata":{"emulator":{"name":"hub"},"message":"Starting emulators: functions, hosting"}}
[debug] [2021-02-26T12:54:04.552Z] [hub] writing locator at C:\Users\MY\AppData\Local\Temp\hub-myclone-467f4.json
[warn] !  functions: The following emulators are not running, calls to these services from the Functions emulator will affect production: auth, firestore, database, pubsub {"metadata":{"emulator":{"name":"functions"},"message":"The following emulators are not running, calls to these services from the Functions emulator will affect production: \u001b[1mauth, firestore, database, pubsub\u001b[22m"}}
[warn] !  Your requested "node" version "12" doesn't match your global version "13" {"metadata":{"emulator":{"name":"functions"},"message":"Your requested \"node\" version \"12\" doesn't match your global version \"13\""}}
[debug] [2021-02-26T12:54:06.573Z] defaultcredentials: writing to file C:\Users\MY\AppData\Roaming\firebase\shubhasish012_gmail_com_application_default_credentials.json
[debug] [2021-02-26T12:54:06.574Z] Setting GAC to C:\Users\MY\AppData\Roaming\firebase\shubhasish012_gmail_com_application_default_credentials.json {"metadata":{"emulator":{"name":"functions"},"message":"Setting GAC to C:\\Users\\MY\\AppData\\Roaming\\firebase\\shubhasish012_gmail_com_application_default_credentials.json"}}
[debug] [2021-02-26T12:54:06.575Z] > refreshing access token with scopes: []
[debug] [2021-02-26T12:54:06.575Z] >>> HTTP REQUEST POST https://www.googleapis.com/oauth2/v3/token  
 <request body omitted>
[debug] [2021-02-26T12:54:06.872Z] <<< HTTP RESPONSE 200 {"cache-control":"no-cache, no-store, max-age=0, must-revalidate","date":"Fri, 26 Feb 2021 12:54:08 GMT","expires":"Mon, 01 Jan 1990 00:00:00 GMT","pragma":"no-cache","content-type":"application/json; charset=utf-8","vary":"X-Origin, Referer, Origin,Accept-Encoding","server":"scaffolding on HTTPServer2","x-xss-protection":"0","x-frame-options":"SAMEORIGIN","x-content-type-options":"nosniff","alt-svc":"h3-29=\":443\"; ma=2592000,h3-T051=\":443\"; ma=2592000,h3-Q050=\":443\"; ma=2592000,h3-Q046=\":443\"; ma=2592000,h3-Q043=\":443\"; ma=2592000,quic=\":443\"; ma=2592000; v=\"46,43\"","accept-ranges":"none","transfer-encoding":"chunked"}
[debug] [2021-02-26T12:54:06.878Z] >>> [apiv2][query] GET https://firebase.googleapis.com/v1beta1/projects/myclone-467f4/adminSdkConfig [none]
[debug] [2021-02-26T12:54:07.667Z] <<< [apiv2][status] GET https://firebase.googleapis.com/v1beta1/projects/myclone-467f4/adminSdkConfig 200
[debug] [2021-02-26T12:54:07.667Z] <<< [apiv2][body] GET https://firebase.googleapis.com/v1beta1/projects/myclone-467f4/adminSdkConfig {"projectId":"myclone-467f4","storageBucket":"myclone-467f4.appspot.com","locationId":"us-central"}
[debug] [2021-02-26T12:54:09.680Z] >>> [apiv2][query] GET https://firebase.googleapis.com/v1beta1/projects/myclone-467f4/webApps/-/config [none]
[debug] [2021-02-26T12:54:10.949Z] <<< [apiv2][status] GET https://firebase.googleapis.com/v1beta1/projects/myclone-467f4/webApps/-/config 200
[debug] [2021-02-26T12:54:10.949Z] <<< [apiv2][body] GET https://firebase.googleapis.com/v1beta1/projects/myclone-467f4/webApps/-/config {"projectId":"myclone-467f4","appId":"1:631813821349:web:c734e2aa8314fe5f094e4c","storageBucket":"myclone-467f4.appspot.com","locationId":"us-central","apiKey":"AIzaSyBixLhqDZuO76ywDHrB9596I9RJ-7ybIrQ","authDomain":"myclone-467f4.firebaseapp.com","messagingSenderId":"631813821349","measurementId":"G-0BYH8P3JJP"}
[info] i  hosting: Serving hosting files from: build {"metadata":{"emulator":{"name":"hosting"},"message":"Serving hosting files from: \u001b[1mbuild\u001b[22m"}}
[info] +  hosting: Local server: http://localhost:5000 {"metadata":{"emulator":{"name":"hosting"},"message":"Local server: \u001b[4m\u001b[1mhttp://localhost:5000\u001b[22m\u001b[24m"}}
[debug] [2021-02-26T12:54:14.973Z] Ignoring unsupported arg: auto_download {"metadata":{"emulator":{"name":"ui"},"message":"Ignoring unsupported arg: auto_download"}}
[debug] [2021-02-26T12:54:14.974Z] Ignoring unsupported arg: port {"metadata":{"emulator":{"name":"ui"},"message":"Ignoring unsupported arg: port"}}
[debug] [2021-02-26T12:54:14.974Z] Starting Emulator UI with command {"binary":"node","args":["C:\\Users\\MY\\.cache\\firebase\\emulators\\ui-v1.4.2\\server.bundle.js"],"optionalArgs":[],"joinArgs":false} {"metadata":{"emulator":{"name":"ui"},"message":"Starting Emulator UI with command {\"binary\":\"node\",\"args\":[\"C:\\\\Users\\\\MY\\\\.cache\\\\firebase\\\\emulators\\\\ui-v1.4.2\\\\server.bundle.js\"],\"optionalArgs\":[],\"joinArgs\":false}"}}
[info] i  ui: Emulator UI logging to ui-debug.log {"metadata":{"emulator":{"name":"ui"},"message":"Emulator UI logging to \u001b[1mui-debug.log\u001b[22m"}}
[debug] [2021-02-26T12:54:15.051Z] Web / API server started at http://localhost:4000
 {"metadata":{"emulator":{"name":"ui"},"message":"Web / API server started at http://localhost:4000\n"}}
[info] i  functions: Watching "E:\clone amazon\amazon-clone\functions" for Cloud Functions... {"metadata":{"emulator":{"name":"functions"},"message":"Watching \"E:\\clone amazon\\amazon-clone\\functions\" for Cloud Functions..."}}
[debug] [2021-02-26T12:54:15.493Z] [worker-pool] addWorker(~diagnostic~) {"metadata":{"emulator":{"name":"functions"},"message":"[worker-pool] addWorker(~diagnostic~)"}}
[debug] [2021-02-26T12:54:15.493Z] [worker-pool] Adding worker with key ~diagnostic~, total=1 {"metadata":{"emulator":{"name":"functions"},"message":"[worker-pool] Adding worker with key ~diagnostic~, total=1"}}
[debug] [2021-02-26T12:54:15.493Z] [worker-pool] submitWork(triggerId=) {"metadata":{"emulator":{"name":"functions"},"message":"[worker-pool] submitWork(triggerId=)"}}
[debug] [2021-02-26T12:54:15.494Z] [worker-~diagnostic~-b45c0dde-c350-4850-8522-6a57cd39fcb4]: Assigning socketPath: \\?\pipe\E:\clone amazon\amazon-clone\functions\9768 {"metadata":{"emulator":{"name":"functions"},"message":"[worker-~diagnostic~-b45c0dde-c350-4850-8522-6a57cd39fcb4]: Assigning socketPath: \\\\?\\pipe\\E:\\clone amazon\\amazon-clone\\functions\\9768"}}
[debug] [2021-02-26T12:54:15.494Z] [worker-~diagnostic~-b45c0dde-c350-4850-8522-6a57cd39fcb4]: BUSY {"metadata":{"emulator":{"name":"functions"},"message":"[worker-~diagnostic~-b45c0dde-c350-4850-8522-6a57cd39fcb4]: BUSY"}}
[debug] [2021-02-26T12:54:15.630Z] [runtime-status] [9768] Functions runtime initialized. {"cwd":"E:\\clone amazon\\amazon-clone\\functions","node_version":"13.14.0"} {"metadata":{"emulator":{"name":"functions"},"message":"[runtime-status] [9768] Functions runtime initialized. {\"cwd\":\"E:\\\\clone amazon\\\\amazon-clone\\\\functions\",\"node_version\":\"13.14.0\"}"}}
[debug] [2021-02-26T12:54:15.630Z] [runtime-status] [9768] Disabled runtime features: undefined {"metadata":{"emulator":{"name":"functions"},"message":"[runtime-status] [9768] Disabled runtime features: undefined"}}
[debug] [2021-02-26T12:54:15.632Z] [runtime-status] [9768] Resolved module firebase-admin {"declared":true,"installed":true,"version":"9.5.0","resolution":"E:\\clone amazon\\amazon-clone\\functions\\node_modules\\firebase-admin\\lib\\index.js"} {"metadata":{"emulator":{"name":"functions"},"message":"[runtime-status] [9768] Resolved module firebase-admin {\"declared\":true,\"installed\":true,\"version\":\"9.5.0\",\"resolution\":\"E:\\\\clone amazon\\\\amazon-clone\\\\functions\\\\node_modules\\\\firebase-admin\\\\lib\\\\index.js\"}"}}
[debug] [2021-02-26T12:54:15.632Z] [runtime-status] [9768] Resolved module firebase-functions {"declared":true,"installed":true,"version":"3.13.2","resolution":"E:\\clone amazon\\amazon-clone\\functions\\node_modules\\firebase-functions\\lib\\index.js"} {"metadata":{"emulator":{"name":"functions"},"message":"[runtime-status] [9768] Resolved module firebase-functions {\"declared\":true,\"installed\":true,\"version\":\"3.13.2\",\"resolution\":\"E:\\\\clone amazon\\\\amazon-clone\\\\functions\\\\node_modules\\\\firebase-functions\\\\lib\\\\index.js\"}"}}
[debug] [2021-02-26T12:54:15.633Z] [runtime-status] [9768] Resolved module firebase-functions {"declared":true,"installed":true,"version":"3.13.2","resolution":"E:\\clone amazon\\amazon-clone\\functions\\node_modules\\firebase-functions\\lib\\index.js"} {"metadata":{"emulator":{"name":"functions"},"message":"[runtime-status] [9768] Resolved module firebase-functions {\"declared\":true,\"installed\":true,\"version\":\"3.13.2\",\"resolution\":\"E:\\\\clone amazon\\\\amazon-clone\\\\functions\\\\node_modules\\\\firebase-functions\\\\lib\\\\index.js\"}"}}
[debug] [2021-02-26T12:54:15.635Z] [runtime-status] [9768] Outgoing network have been stubbed. [{"name":"http","status":"mocked"},{"name":"http","status":"mocked"},{"name":"https","status":"mocked"},{"name":"https","status":"mocked"},{"name":"net","status":"mocked"}] {"metadata":{"emulator":{"name":"functions"},"message":"[runtime-status] [9768] Outgoing network have been stubbed. [{\"name\":\"http\",\"status\":\"mocked\"},{\"name\":\"http\",\"status\":\"mocked\"},{\"name\":\"https\",\"status\":\"mocked\"},{\"name\":\"https\",\"status\":\"mocked\"},{\"name\":\"net\",\"status\":\"mocked\"}]"}}
[debug] [2021-02-26T12:54:15.635Z] [runtime-status] [9768] Resolved module firebase-functions {"declared":true,"installed":true,"version":"3.13.2","resolution":"E:\\clone amazon\\amazon-clone\\functions\\node_modules\\firebase-functions\\lib\\index.js"} {"metadata":{"emulator":{"name":"functions"},"message":"[runtime-status] [9768] Resolved module firebase-functions {\"declared\":true,\"installed\":true,\"version\":\"3.13.2\",\"resolution\":\"E:\\\\clone amazon\\\\amazon-clone\\\\functions\\\\node_modules\\\\firebase-functions\\\\lib\\\\index.js\"}"}}
[debug] [2021-02-26T12:54:15.665Z] [runtime-status] [9768] Checked functions.config() {"config":{}} {"metadata":{"emulator":{"name":"functions"},"message":"[runtime-status] [9768] Checked functions.config() {\"config\":{}}"}}
[debug] [2021-02-26T12:54:15.665Z] [runtime-status] [9768] firebase-functions has been stubbed. {"functionsResolution":{"declared":true,"installed":true,"version":"3.13.2","resolution":"E:\\clone amazon\\amazon-clone\\functions\\node_modules\\firebase-functions\\lib\\index.js"}} {"metadata":{"emulator":{"name":"functions"},"message":"[runtime-status] [9768] firebase-functions has been stubbed. {\"functionsResolution\":{\"declared\":true,\"installed\":true,\"version\":\"3.13.2\",\"resolution\":\"E:\\\\clone amazon\\\\amazon-clone\\\\functions\\\\node_modules\\\\firebase-functions\\\\lib\\\\index.js\"}}"}}
[debug] [2021-02-26T12:54:15.665Z] [runtime-status] [9768] Resolved module firebase-functions {"declared":true,"installed":true,"version":"3.13.2","resolution":"E:\\clone amazon\\amazon-clone\\functions\\node_modules\\firebase-functions\\lib\\index.js"} {"metadata":{"emulator":{"name":"functions"},"message":"[runtime-status] [9768] Resolved module firebase-functions {\"declared\":true,\"installed\":true,\"version\":\"3.13.2\",\"resolution\":\"E:\\\\clone amazon\\\\amazon-clone\\\\functions\\\\node_modules\\\\firebase-functions\\\\lib\\\\index.js\"}"}}
[debug] [2021-02-26T12:54:15.666Z] [runtime-status] [9768] Resolved module firebase-admin {"declared":true,"installed":true,"version":"9.5.0","resolution":"E:\\clone amazon\\amazon-clone\\functions\\node_modules\\firebase-admin\\lib\\index.js"} {"metadata":{"emulator":{"name":"functions"},"message":"[runtime-status] [9768] Resolved module firebase-admin {\"declared\":true,\"installed\":true,\"version\":\"9.5.0\",\"resolution\":\"E:\\\\clone amazon\\\\amazon-clone\\\\functions\\\\node_modules\\\\firebase-admin\\\\lib\\\\index.js\"}"}}
[debug] [2021-02-26T12:54:15.666Z] [runtime-status] [9768] Resolved module firebase-functions {"declared":true,"installed":true,"version":"3.13.2","resolution":"E:\\clone amazon\\amazon-clone\\functions\\node_modules\\firebase-functions\\lib\\index.js"} {"metadata":{"emulator":{"name":"functions"},"message":"[runtime-status] [9768] Resolved module firebase-functions {\"declared\":true,\"installed\":true,\"version\":\"3.13.2\",\"resolution\":\"E:\\\\clone amazon\\\\amazon-clone\\\\functions\\\\node_modules\\\\firebase-functions\\\\lib\\\\index.js\"}"}}
[debug] [2021-02-26T12:54:15.666Z] [runtime-status] [9768] firebase-admin has been stubbed. {"adminResolution":{"declared":true,"installed":true,"version":"9.5.0","resolution":"E:\\clone amazon\\amazon-clone\\functions\\node_modules\\firebase-admin\\lib\\index.js"}} {"metadata":{"emulator":{"name":"functions"},"message":"[runtime-status] [9768] firebase-admin has been stubbed. {\"adminResolution\":{\"declared\":true,\"installed\":true,\"version\":\"9.5.0\",\"resolution\":\"E:\\\\clone amazon\\\\amazon-clone\\\\functions\\\\node_modules\\\\firebase-admin\\\\lib\\\\index.js\"}}"}}
[info] +  functions[api]: http function initialized (http://localhost:5001/myclone-467f4/us-central1/api). {"metadata":{"emulator":{"name":"functions"},"message":"\u001b[1mhttp\u001b[22m function initialized (http://localhost:5001/myclone-467f4/us-central1/api)."}}
[info] 
┌─────────────────────────────────────────────────────────────┐
│ ✔  All emulators ready! It is now safe to connect your app. │
│ i  View Emulator UI at http://localhost:4000                │
└─────────────────────────────────────────────────────────────┘

┌───────────┬────────────────┬─────────────────────────────────┐
│ Emulator  │ Host:Port      │ View in Emulator UI             │
├───────────┼────────────────┼─────────────────────────────────┤
│ Functions │ localhost:5001 │ http://localhost:4000/functions │
├───────────┼────────────────┼─────────────────────────────────┤
│ Hosting   │ localhost:5000 │ n/a                             │
└───────────┴────────────────┴─────────────────────────────────┘
  Emulator Hub running at localhost:4400
  Other reserved ports: 4500

Issues? Report them at https://github.com/firebase/firebase-tools/issues and attach the *-debug.log files.
 
[debug] [2021-02-26T12:54:15.763Z] [worker-~diagnostic~-b45c0dde-c350-4850-8522-6a57cd39fcb4]: IDLE {"metadata":{"emulator":{"name":"functions"},"message":"[worker-~diagnostic~-b45c0dde-c350-4850-8522-6a57cd39fcb4]: IDLE"}}
[debug] [2021-02-26T12:56:35.880Z] [work-queue] {"queueLength":1,"workRunningCount":0}
[debug] [2021-02-26T12:56:35.880Z] [work-queue] {"queueLength":0,"workRunningCount":1}
[debug] [2021-02-26T12:56:35.880Z] Accepted request POST /myclone-467f4/us-central1/api/payments/create?total=7120 --> api
[debug] [2021-02-26T12:56:35.883Z] [worker-pool] addWorker(api) {"metadata":{"emulator":{"name":"functions"},"message":"[worker-pool] addWorker(api)"}}
[debug] [2021-02-26T12:56:35.883Z] [worker-pool] Adding worker with key api, total=1 {"metadata":{"emulator":{"name":"functions"},"message":"[worker-pool] Adding worker with key api, total=1"}}
[debug] [2021-02-26T12:56:35.883Z] [worker-pool] submitWork(triggerId=api) {"metadata":{"emulator":{"name":"functions"},"message":"[worker-pool] submitWork(triggerId=api)"}}
[debug] [2021-02-26T12:56:35.883Z] [worker-api-557da875-1cce-451d-9d79-e6bb887ce29f]: Assigning socketPath: \\?\pipe\E:\clone amazon\amazon-clone\functions\10704 {"metadata":{"emulator":{"name":"functions"},"message":"[worker-api-557da875-1cce-451d-9d79-e6bb887ce29f]: Assigning socketPath: \\\\?\\pipe\\E:\\clone amazon\\amazon-clone\\functions\\10704"}}
[debug] [2021-02-26T12:56:35.883Z] [worker-api-557da875-1cce-451d-9d79-e6bb887ce29f]: BUSY {"metadata":{"emulator":{"name":"functions"},"message":"[worker-api-557da875-1cce-451d-9d79-e6bb887ce29f]: BUSY"}}
[debug] [2021-02-26T12:56:36.021Z] [runtime-status] [10704] Functions runtime initialized. {"cwd":"E:\\clone amazon\\amazon-clone\\functions","node_version":"13.14.0"} {"metadata":{"emulator":{"name":"functions"},"function":{"name":"api"},"message":"[runtime-status] [10704] Functions runtime initialized. {\"cwd\":\"E:\\\\clone amazon\\\\amazon-clone\\\\functions\",\"node_version\":\"13.14.0\"}"}}
[debug] [2021-02-26T12:56:36.022Z] [runtime-status] [10704] Disabled runtime features: undefined {"metadata":{"emulator":{"name":"functions"},"function":{"name":"api"},"message":"[runtime-status] [10704] Disabled runtime features: undefined"}}
[debug] [2021-02-26T12:56:36.024Z] [runtime-status] [10704] Resolved module firebase-admin {"declared":true,"installed":true,"version":"9.5.0","resolution":"E:\\clone amazon\\amazon-clone\\functions\\node_modules\\firebase-admin\\lib\\index.js"} {"metadata":{"emulator":{"name":"functions"},"function":{"name":"api"},"message":"[runtime-status] [10704] Resolved module firebase-admin {\"declared\":true,\"installed\":true,\"version\":\"9.5.0\",\"resolution\":\"E:\\\\clone amazon\\\\amazon-clone\\\\functions\\\\node_modules\\\\firebase-admin\\\\lib\\\\index.js\"}"}}
[debug] [2021-02-26T12:56:36.024Z] [runtime-status] [10704] Resolved module firebase-functions {"declared":true,"installed":true,"version":"3.13.2","resolution":"E:\\clone amazon\\amazon-clone\\functions\\node_modules\\firebase-functions\\lib\\index.js"} {"metadata":{"emulator":{"name":"functions"},"function":{"name":"api"},"message":"[runtime-status] [10704] Resolved module firebase-functions {\"declared\":true,\"installed\":true,\"version\":\"3.13.2\",\"resolution\":\"E:\\\\clone amazon\\\\amazon-clone\\\\functions\\\\node_modules\\\\firebase-functions\\\\lib\\\\index.js\"}"}}
[debug] [2021-02-26T12:56:36.025Z] [runtime-status] [10704] Resolved module firebase-functions {"declared":true,"installed":true,"version":"3.13.2","resolution":"E:\\clone amazon\\amazon-clone\\functions\\node_modules\\firebase-functions\\lib\\index.js"} {"metadata":{"emulator":{"name":"functions"},"function":{"name":"api"},"message":"[runtime-status] [10704] Resolved module firebase-functions {\"declared\":true,\"installed\":true,\"version\":\"3.13.2\",\"resolution\":\"E:\\\\clone amazon\\\\amazon-clone\\\\functions\\\\node_modules\\\\firebase-functions\\\\lib\\\\index.js\"}"}}
[debug] [2021-02-26T12:56:36.027Z] [runtime-status] [10704] Outgoing network have been stubbed. [{"name":"http","status":"mocked"},{"name":"http","status":"mocked"},{"name":"https","status":"mocked"},{"name":"https","status":"mocked"},{"name":"net","status":"mocked"}] {"metadata":{"emulator":{"name":"functions"},"function":{"name":"api"},"message":"[runtime-status] [10704] Outgoing network have been stubbed. [{\"name\":\"http\",\"status\":\"mocked\"},{\"name\":\"http\",\"status\":\"mocked\"},{\"name\":\"https\",\"status\":\"mocked\"},{\"name\":\"https\",\"status\":\"mocked\"},{\"name\":\"net\",\"status\":\"mocked\"}]"}}
[debug] [2021-02-26T12:56:36.027Z] [runtime-status] [10704] Resolved module firebase-functions {"declared":true,"installed":true,"version":"3.13.2","resolution":"E:\\clone amazon\\amazon-clone\\functions\\node_modules\\firebase-functions\\lib\\index.js"} {"metadata":{"emulator":{"name":"functions"},"function":{"name":"api"},"message":"[runtime-status] [10704] Resolved module firebase-functions {\"declared\":true,\"installed\":true,\"version\":\"3.13.2\",\"resolution\":\"E:\\\\clone amazon\\\\amazon-clone\\\\functions\\\\node_modules\\\\firebase-functions\\\\lib\\\\index.js\"}"}}
[debug] [2021-02-26T12:56:36.057Z] [runtime-status] [10704] Checked functions.config() {"config":{}} {"metadata":{"emulator":{"name":"functions"},"function":{"name":"api"},"message":"[runtime-status] [10704] Checked functions.config() {\"config\":{}}"}}
[debug] [2021-02-26T12:56:36.058Z] [runtime-status] [10704] firebase-functions has been stubbed. {"functionsResolution":{"declared":true,"installed":true,"version":"3.13.2","resolution":"E:\\clone amazon\\amazon-clone\\functions\\node_modules\\firebase-functions\\lib\\index.js"}} {"metadata":{"emulator":{"name":"functions"},"function":{"name":"api"},"message":"[runtime-status] [10704] firebase-functions has been stubbed. {\"functionsResolution\":{\"declared\":true,\"installed\":true,\"version\":\"3.13.2\",\"resolution\":\"E:\\\\clone amazon\\\\amazon-clone\\\\functions\\\\node_modules\\\\firebase-functions\\\\lib\\\\index.js\"}}"}}
[debug] [2021-02-26T12:56:36.058Z] [runtime-status] [10704] Resolved module firebase-functions {"declared":true,"installed":true,"version":"3.13.2","resolution":"E:\\clone amazon\\amazon-clone\\functions\\node_modules\\firebase-functions\\lib\\index.js"} {"metadata":{"emulator":{"name":"functions"},"function":{"name":"api"},"message":"[runtime-status] [10704] Resolved module firebase-functions {\"declared\":true,\"installed\":true,\"version\":\"3.13.2\",\"resolution\":\"E:\\\\clone amazon\\\\amazon-clone\\\\functions\\\\node_modules\\\\firebase-functions\\\\lib\\\\index.js\"}"}}
[debug] [2021-02-26T12:56:36.058Z] [runtime-status] [10704] Resolved module firebase-admin {"declared":true,"installed":true,"version":"9.5.0","resolution":"E:\\clone amazon\\amazon-clone\\functions\\node_modules\\firebase-admin\\lib\\index.js"} {"metadata":{"emulator":{"name":"functions"},"function":{"name":"api"},"message":"[runtime-status] [10704] Resolved module firebase-admin {\"declared\":true,\"installed\":true,\"version\":\"9.5.0\",\"resolution\":\"E:\\\\clone amazon\\\\amazon-clone\\\\functions\\\\node_modules\\\\firebase-admin\\\\lib\\\\index.js\"}"}}
[debug] [2021-02-26T12:56:36.059Z] [runtime-status] [10704] Resolved module firebase-functions {"declared":true,"installed":true,"version":"3.13.2","resolution":"E:\\clone amazon\\amazon-clone\\functions\\node_modules\\firebase-functions\\lib\\index.js"} {"metadata":{"emulator":{"name":"functions"},"function":{"name":"api"},"message":"[runtime-status] [10704] Resolved module firebase-functions {\"declared\":true,\"installed\":true,\"version\":\"3.13.2\",\"resolution\":\"E:\\\\clone amazon\\\\amazon-clone\\\\functions\\\\node_modules\\\\firebase-functions\\\\lib\\\\index.js\"}"}}
[debug] [2021-02-26T12:56:36.059Z] [runtime-status] [10704] firebase-admin has been stubbed. {"adminResolution":{"declared":true,"installed":true,"version":"9.5.0","resolution":"E:\\clone amazon\\amazon-clone\\functions\\node_modules\\firebase-admin\\lib\\index.js"}} {"metadata":{"emulator":{"name":"functions"},"function":{"name":"api"},"message":"[runtime-status] [10704] firebase-admin has been stubbed. {\"adminResolution\":{\"declared\":true,\"installed\":true,\"version\":\"9.5.0\",\"resolution\":\"E:\\\\clone amazon\\\\amazon-clone\\\\functions\\\\node_modules\\\\firebase-admin\\\\lib\\\\index.js\"}}"}}
[debug] [2021-02-26T12:56:36.150Z] [runtime-status] [10704] Trigger "api" has been found, beginning invocation! {"metadata":{"emulator":{"name":"functions"},"function":{"name":"api"},"message":"[runtime-status] [10704] Trigger \"api\" has been found, beginning invocation!"}}
[info] i  functions: Beginning execution of "api" {"metadata":{"emulator":{"name":"functions"},"function":{"name":"api"},"message":"Beginning execution of \"api\""}}
[debug] [2021-02-26T12:56:36.150Z] [runtime-status] [10704] triggerDefinition {"httpsTrigger":{},"name":"api","entryPoint":"api"} {"metadata":{"emulator":{"name":"functions"},"function":{"name":"api"},"message":"[runtime-status] [10704] triggerDefinition {\"httpsTrigger\":{},\"name\":\"api\",\"entryPoint\":\"api\"}"}}
[debug] [2021-02-26T12:56:36.151Z] [runtime-status] [10704] Running api in mode HTTPS {"metadata":{"emulator":{"name":"functions"},"function":{"name":"api"},"message":"[runtime-status] [10704] Running api in mode HTTPS"}}
[debug] [2021-02-26T12:56:36.152Z] [runtime-status] [10704] Attempting to listen to socketPath: \\?\pipe\E:\clone amazon\amazon-clone\functions\10704 {"metadata":{"emulator":{"name":"functions"},"function":{"name":"api"},"message":"[runtime-status] [10704] Attempting to listen to socketPath: \\\\?\\pipe\\E:\\clone amazon\\amazon-clone\\functions\\10704"}}
[debug] [2021-02-26T12:56:36.154Z] [functions] Runtime ready! Sending request! {"metadata":{"emulator":{"name":"functions"},"message":"[functions] Runtime ready! Sending request!"}}
[debug] [2021-02-26T12:56:36.154Z] [functions] Got req.url=/myclone-467f4/us-central1/api/payments/create?total=7120, mapping to path=/payments/create?total=7120 {"metadata":{"emulator":{"name":"functions"},"message":"[functions] Got req.url=/myclone-467f4/us-central1/api/payments/create?total=7120, mapping to path=/payments/create?total=7120"}}
[debug] [2021-02-26T12:56:36.159Z] [runtime-status] [10704] Ephemeral server handling POST request {"metadata":{"emulator":{"name":"functions"},"function":{"name":"api"},"message":"[runtime-status] [10704] Ephemeral server handling POST request"}}
[info] >  Payment request received 7120 {"user":"Payment request received 7120","metadata":{"emulator":{"name":"functions"},"function":{"name":"api"},"message":"\u001b[90m> \u001b[39m Payment request received 7120"}}
[debug] [2021-02-26T12:56:36.166Z] [runtime-status] [10704] Ephemeral server survived. {"metadata":{"emulator":{"name":"functions"},"function":{"name":"api"},"message":"[runtime-status] [10704] Ephemeral server survived."}}
[info] i  functions: Finished "api" in ~1s {"metadata":{"emulator":{"name":"functions"},"function":{"name":"api"},"message":"Finished \"api\" in ~1s"}}
[debug] [2021-02-26T12:56:36.834Z] [worker-api-557da875-1cce-451d-9d79-e6bb887ce29f]: IDLE {"metadata":{"emulator":{"name":"functions"},"message":"[worker-api-557da875-1cce-451d-9d79-e6bb887ce29f]: IDLE"}}
[debug] [2021-02-26T12:56:36.835Z] [work-queue] {"queueLength":0,"workRunningCount":0}
[debug] [2021-02-26T12:57:03.075Z] [work-queue] {"queueLength":1,"workRunningCount":0}
[debug] [2021-02-26T12:57:03.076Z] [work-queue] {"queueLength":0,"workRunningCount":1}
[debug] [2021-02-26T12:57:03.076Z] Accepted request POST /myclone-467f4/us-central1/api/payments/create?total=0 --> api
[debug] [2021-02-26T12:57:03.076Z] [worker-pool] submitWork(triggerId=api) {"metadata":{"emulator":{"name":"functions"},"message":"[worker-pool] submitWork(triggerId=api)"}}
[debug] [2021-02-26T12:57:03.076Z] [worker-api-557da875-1cce-451d-9d79-e6bb887ce29f]: Assigning socketPath: \\?\pipe\E:\clone amazon\amazon-clone\functions\10704 {"metadata":{"emulator":{"name":"functions"},"message":"[worker-api-557da875-1cce-451d-9d79-e6bb887ce29f]: Assigning socketPath: \\\\?\\pipe\\E:\\clone amazon\\amazon-clone\\functions\\10704"}}
[debug] [2021-02-26T12:57:03.076Z] [worker-api-557da875-1cce-451d-9d79-e6bb887ce29f]: BUSY {"metadata":{"emulator":{"name":"functions"},"message":"[worker-api-557da875-1cce-451d-9d79-e6bb887ce29f]: BUSY"}}
[debug] [2021-02-26T12:57:03.077Z] [runtime-status] [10704] Trigger "api" has been found, beginning invocation! {"metadata":{"emulator":{"name":"functions"},"function":{"name":"api"},"message":"[runtime-status] [10704] Trigger \"api\" has been found, beginning invocation!"}}
[info] i  functions: Beginning execution of "api" {"metadata":{"emulator":{"name":"functions"},"function":{"name":"api"},"message":"Beginning execution of \"api\""}}
[debug] [2021-02-26T12:57:03.078Z] [runtime-status] [10704] triggerDefinition {"httpsTrigger":{},"name":"api","entryPoint":"api"} {"metadata":{"emulator":{"name":"functions"},"function":{"name":"api"},"message":"[runtime-status] [10704] triggerDefinition {\"httpsTrigger\":{},\"name\":\"api\",\"entryPoint\":\"api\"}"}}
[debug] [2021-02-26T12:57:03.078Z] [runtime-status] [10704] Running api in mode HTTPS {"metadata":{"emulator":{"name":"functions"},"function":{"name":"api"},"message":"[runtime-status] [10704] Running api in mode HTTPS"}}
[debug] [2021-02-26T12:57:03.078Z] [runtime-status] [10704] Attempting to listen to socketPath: \\?\pipe\E:\clone amazon\amazon-clone\functions\10704 {"metadata":{"emulator":{"name":"functions"},"function":{"name":"api"},"message":"[runtime-status] [10704] Attempting to listen to socketPath: \\\\?\\pipe\\E:\\clone amazon\\amazon-clone\\functions\\10704"}}
[debug] [2021-02-26T12:57:03.078Z] [functions] Runtime ready! Sending request! {"metadata":{"emulator":{"name":"functions"},"message":"[functions] Runtime ready! Sending request!"}}
[debug] [2021-02-26T12:57:03.079Z] [functions] Got req.url=/myclone-467f4/us-central1/api/payments/create?total=0, mapping to path=/payments/create?total=0 {"metadata":{"emulator":{"name":"functions"},"message":"[functions] Got req.url=/myclone-467f4/us-central1/api/payments/create?total=0, mapping to path=/payments/create?total=0"}}
[debug] [2021-02-26T12:57:03.080Z] [runtime-status] [10704] Ephemeral server handling POST request {"metadata":{"emulator":{"name":"functions"},"function":{"name":"api"},"message":"[runtime-status] [10704] Ephemeral server handling POST request"}}
[info] >  Payment request received 0 {"user":"Payment request received 0","metadata":{"emulator":{"name":"functions"},"function":{"name":"api"},"message":"\u001b[90m> \u001b[39m Payment request received 0"}}
[debug] [2021-02-26T12:57:03.082Z] [runtime-status] [10704] Ephemeral server survived. {"metadata":{"emulator":{"name":"functions"},"function":{"name":"api"},"message":"[runtime-status] [10704] Ephemeral server survived."}}
[info] >  (node:10704) UnhandledPromiseRejectionWarning: Error: This value must be greater than or equal to 1. {"user":"(node:10704) UnhandledPromiseRejectionWarning: Error: This value must be greater than or equal to 1.","metadata":{"emulator":{"name":"functions"},"function":{"name":"api"},"message":"\u001b[90m> \u001b[39m (node:10704) UnhandledPromiseRejectionWarning: Error: This value must be greater than or equal to 1."}}
[info] >      at Function.generate (E:\clone amazon\amazon-clone\functions\node_modules\stripe\lib\Error.js:40:16) {"user":"    at Function.generate (E:\\clone amazon\\amazon-clone\\functions\\node_modules\\stripe\\lib\\Error.js:40:16)","metadata":{"emulator":{"name":"functions"},"function":{"name":"api"},"message":"\u001b[90m> \u001b[39m     at Function.generate (E:\\clone amazon\\amazon-clone\\functions\\node_modules\\stripe\\lib\\Error.js:40:16)"}}
[info] >      at IncomingMessage.<anonymous> (E:\clone amazon\amazon-clone\functions\node_modules\stripe\lib\StripeResource.js:180:33) {"user":"    at IncomingMessage.<anonymous> (E:\\clone amazon\\amazon-clone\\functions\\node_modules\\stripe\\lib\\StripeResource.js:180:33)","metadata":{"emulator":{"name":"functions"},"function":{"name":"api"},"message":"\u001b[90m> \u001b[39m     at IncomingMessage.<anonymous> (E:\\clone amazon\\amazon-clone\\functions\\node_modules\\stripe\\lib\\StripeResource.js:180:33)"}}
[info] >      at Object.onceWrapper (events.js:421:28) {"user":"    at Object.onceWrapper (events.js:421:28)","metadata":{"emulator":{"name":"functions"},"function":{"name":"api"},"message":"\u001b[90m> \u001b[39m     at Object.onceWrapper (events.js:421:28)"}}
[info] >      at IncomingMessage.emit (events.js:327:22) {"user":"    at IncomingMessage.emit (events.js:327:22)","metadata":{"emulator":{"name":"functions"},"function":{"name":"api"},"message":"\u001b[90m> \u001b[39m     at IncomingMessage.emit (events.js:327:22)"}}
[info] >      at endReadableNT (_stream_readable.js:1201:12) {"user":"    at endReadableNT (_stream_readable.js:1201:12)","metadata":{"emulator":{"name":"functions"},"function":{"name":"api"},"message":"\u001b[90m> \u001b[39m     at endReadableNT (_stream_readable.js:1201:12)"}}
[info] >      at processTicksAndRejections (internal/process/task_queues.js:84:21) {"user":"    at processTicksAndRejections (internal/process/task_queues.js:84:21)","metadata":{"emulator":{"name":"functions"},"function":{"name":"api"},"message":"\u001b[90m> \u001b[39m     at processTicksAndRejections (internal/process/task_queues.js:84:21)"}}
[info] >  (Use `node --trace-warnings ...` to show where the warning was created) {"user":"(Use `node --trace-warnings ...` to show where the warning was created)","metadata":{"emulator":{"name":"functions"},"function":{"name":"api"},"message":"\u001b[90m> \u001b[39m (Use `node --trace-warnings ...` to show where the warning was created)"}}
[info] >  (node:10704) UnhandledPromiseRejectionWarning: Unhandled promise rejection. This error originated either by throwing inside of an async function without a catch block, or by rejecting a promise which was not handled with .catch(). To terminate the node process on unhandled promise rejection, use the CLI flag `--unhandled-rejections=strict` (see https://nodejs.org/api/cli.html#cli_unhandled_rejections_mode). (rejection id: 1) {"user":"(node:10704) UnhandledPromiseRejectionWarning: Unhandled promise rejection. This error originated either by throwing inside of an async function without a catch block, or by rejecting a promise which was not handled with .catch(). To terminate the node process on unhandled promise rejection, use the CLI flag `--unhandled-rejections=strict` (see https://nodejs.org/api/cli.html#cli_unhandled_rejections_mode). (rejection id: 1)","metadata":{"emulator":{"name":"functions"},"function":{"name":"api"},"message":"\u001b[90m> \u001b[39m (node:10704) UnhandledPromiseRejectionWarning: Unhandled promise rejection. This error originated either by throwing inside of an async function without a catch block, or by rejecting a promise which was not handled with .catch(). To terminate the node process on unhandled promise rejection, use the CLI flag `--unhandled-rejections=strict` (see https://nodejs.org/api/cli.html#cli_unhandled_rejections_mode). (rejection id: 1)"}}
[info] >  (node:10704) [DEP0018] DeprecationWarning: Unhandled promise rejections are deprecated. In the future, promise rejections that are not handled will terminate the Node.js process with a non-zero exit code. {"user":"(node:10704) [DEP0018] DeprecationWarning: Unhandled promise rejections are deprecated. In the future, promise rejections that are not handled will terminate the Node.js process with a non-zero exit code.","metadata":{"emulator":{"name":"functions"},"function":{"name":"api"},"message":"\u001b[90m> \u001b[39m (node:10704) [DEP0018] DeprecationWarning: Unhandled promise rejections are deprecated. In the future, promise rejections that are not handled will terminate the Node.js process with a non-zero exit code."}}
[warn] !  functions: Your function timed out after ~60s. To configure this timeout, see
      https://firebase.google.com/docs/functions/manage-functions#set_timeout_and_memory_allocation. {"metadata":{"emulator":{"name":"functions"},"function":{"name":"api"},"message":"Your function timed out after ~60s. To configure this timeout, see\n      https://firebase.google.com/docs/functions/manage-functions#set_timeout_and_memory_allocation."}}
[info] >  C:\Users\MY\AppData\Roaming\npm\node_modules\firebase-tools\lib\emulator\functionsEmulatorRuntime.js:642 {"user":"C:\\Users\\MY\\AppData\\Roaming\\npm\\node_modules\\firebase-tools\\lib\\emulator\\functionsEmulatorRuntime.js:642\r","metadata":{"emulator":{"name":"functions"},"function":{"name":"api"},"message":"\u001b[90m> \u001b[39m C:\\Users\\MY\\AppData\\Roaming\\npm\\node_modules\\firebase-tools\\lib\\emulator\\functionsEmulatorRuntime.js:642\r"}}
[info] >              throw new Error("Function timed out."); {"user":"            throw new Error(\"Function timed out.\");\r","metadata":{"emulator":{"name":"functions"},"function":{"name":"api"},"message":"\u001b[90m> \u001b[39m             throw new Error(\"Function timed out.\");\r"}}
[info] >              ^ {"user":"            ^\r","metadata":{"emulator":{"name":"functions"},"function":{"name":"api"},"message":"\u001b[90m> \u001b[39m             ^\r"}}
[info] >   {"user":"\r","metadata":{"emulator":{"name":"functions"},"function":{"name":"api"},"message":"\u001b[90m> \u001b[39m \r"}}
[info] >  Error: Function timed out. {"user":"Error: Function timed out.\r","metadata":{"emulator":{"name":"functions"},"function":{"name":"api"},"message":"\u001b[90m> \u001b[39m Error: Function timed out.\r"}}
[info] >      at Timeout._onTimeout (C:\Users\MY\AppData\Roaming\npm\node_modules\firebase-tools\lib\emulator\functionsEmulatorRuntime.js:642:19) {"user":"    at Timeout._onTimeout (C:\\Users\\MY\\AppData\\Roaming\\npm\\node_modules\\firebase-tools\\lib\\emulator\\functionsEmulatorRuntime.js:642:19)\r","metadata":{"emulator":{"name":"functions"},"function":{"name":"api"},"message":"\u001b[90m> \u001b[39m     at Timeout._onTimeout (C:\\Users\\MY\\AppData\\Roaming\\npm\\node_modules\\firebase-tools\\lib\\emulator\\functionsEmulatorRuntime.js:642:19)\r"}}
[info] >      at listOnTimeout (internal/timers.js:549:17) {"user":"    at listOnTimeout (internal/timers.js:549:17)\r","metadata":{"emulator":{"name":"functions"},"function":{"name":"api"},"message":"\u001b[90m> \u001b[39m     at listOnTimeout (internal/timers.js:549:17)\r"}}
[info] >      at processTimers (internal/timers.js:492:7) {"user":"    at processTimers (internal/timers.js:492:7)\r","metadata":{"emulator":{"name":"functions"},"function":{"name":"api"},"message":"\u001b[90m> \u001b[39m     at processTimers (internal/timers.js:492:7)\r"}}
[debug] [2021-02-26T12:58:03.085Z] [worker-api-557da875-1cce-451d-9d79-e6bb887ce29f]: exited {"metadata":{"emulator":{"name":"functions"},"message":"[worker-api-557da875-1cce-451d-9d79-e6bb887ce29f]: exited"}}
[debug] [2021-02-26T12:58:03.085Z] [worker-api-557da875-1cce-451d-9d79-e6bb887ce29f]: FINISHED {"metadata":{"emulator":{"name":"functions"},"message":"[worker-api-557da875-1cce-451d-9d79-e6bb887ce29f]: FINISHED"}}
[debug] [2021-02-26T12:58:03.085Z] [work-queue] {"queueLength":0,"workRunningCount":0}
[debug] [2021-02-26T12:58:48.937Z] [worker-~diagnostic~-b45c0dde-c350-4850-8522-6a57cd39fcb4]: exited {"metadata":{"emulator":{"name":"functions"},"message":"[worker-~diagnostic~-b45c0dde-c350-4850-8522-6a57cd39fcb4]: exited"}}
